2024-03-24 14:30:11,073 [Worker-0: Loading available Gradle versions] INFO  o.e.b.c.i.u.g.PublishedGradleVersions - Gradle version information cache is up-to-date. Trying to read.
2024-03-24 14:36:14,785 [Worker-6: Launching mavenrun-be4d5555-45a4-49bf-8d99-bb0935f713fe] INFO  o.eclipse.m2e.core.internal.Bundles - getClasspathEntries(Bundle=org.eclipse.m2e.maven.runtime_3.9.500.20231113-2345 [297])
2024-03-24 14:36:14,789 [Worker-6: Launching mavenrun-be4d5555-45a4-49bf-8d99-bb0935f713fe] INFO  o.eclipse.m2e.core.internal.Bundles - 	Entry: C:\Users\PRADHAN\.p2\pool\plugins\org.eclipse.m2e.maven.runtime_3.9.500.20231113-2345
2024-03-24 14:36:14,790 [Worker-6: Launching mavenrun-be4d5555-45a4-49bf-8d99-bb0935f713fe] INFO  o.eclipse.m2e.core.internal.Bundles - 	Entry: C:\Users\PRADHAN\.p2\pool\plugins\org.eclipse.m2e.maven.runtime_3.9.500.20231113-2345\jars\aopalliance-1.0.jar
2024-03-24 14:36:14,790 [Worker-6: Launching mavenrun-be4d5555-45a4-49bf-8d99-bb0935f713fe] INFO  o.eclipse.m2e.core.internal.Bundles - 	Entry: C:\Users\PRADHAN\.p2\pool\plugins\org.eclipse.m2e.maven.runtime_3.9.500.20231113-2345\jars\guice-5.1.0.jar
2024-03-24 14:36:14,790 [Worker-6: Launching mavenrun-be4d5555-45a4-49bf-8d99-bb0935f713fe] INFO  o.eclipse.m2e.core.internal.Bundles - 	Entry: C:\Users\PRADHAN\.p2\pool\plugins\org.eclipse.m2e.maven.runtime_3.9.500.20231113-2345\jars\httpclient-4.5.14.jar
2024-03-24 14:36:14,790 [Worker-6: Launching mavenrun-be4d5555-45a4-49bf-8d99-bb0935f713fe] INFO  o.eclipse.m2e.core.internal.Bundles - 	Entry: C:\Users\PRADHAN\.p2\pool\plugins\org.eclipse.m2e.maven.runtime_3.9.500.20231113-2345\jars\httpcore-4.4.16.jar
2024-03-24 14:36:14,791 [Worker-6: Launching mavenrun-be4d5555-45a4-49bf-8d99-bb0935f713fe] INFO  o.eclipse.m2e.core.internal.Bundles - 	Entry: C:\Users\PRADHAN\.p2\pool\plugins\org.eclipse.m2e.maven.runtime_3.9.500.20231113-2345\jars\jansi-2.4.0.jar
2024-03-24 14:36:14,791 [Worker-6: Launching mavenrun-be4d5555-45a4-49bf-8d99-bb0935f713fe] INFO  o.eclipse.m2e.core.internal.Bundles - 	Entry: C:\Users\PRADHAN\.p2\pool\plugins\org.eclipse.m2e.maven.runtime_3.9.500.20231113-2345\jars\jcl-over-slf4j-1.7.36.jar
2024-03-24 14:36:14,791 [Worker-6: Launching mavenrun-be4d5555-45a4-49bf-8d99-bb0935f713fe] INFO  o.eclipse.m2e.core.internal.Bundles - 	Entry: C:\Users\PRADHAN\.p2\pool\plugins\org.eclipse.m2e.maven.runtime_3.9.500.20231113-2345\jars\maven-artifact-3.9.5.jar
2024-03-24 14:36:14,791 [Worker-6: Launching mavenrun-be4d5555-45a4-49bf-8d99-bb0935f713fe] INFO  o.eclipse.m2e.core.internal.Bundles - 	Entry: C:\Users\PRADHAN\.p2\pool\plugins\org.eclipse.m2e.maven.runtime_3.9.500.20231113-2345\jars\maven-builder-support-3.9.5.jar
2024-03-24 14:36:14,792 [Worker-6: Launching mavenrun-be4d5555-45a4-49bf-8d99-bb0935f713fe] INFO  o.eclipse.m2e.core.internal.Bundles - 	Entry: C:\Users\PRADHAN\.p2\pool\plugins\org.eclipse.m2e.maven.runtime_3.9.500.20231113-2345\jars\maven-compat-3.9.5.jar
2024-03-24 14:36:14,792 [Worker-6: Launching mavenrun-be4d5555-45a4-49bf-8d99-bb0935f713fe] INFO  o.eclipse.m2e.core.internal.Bundles - 	Entry: C:\Users\PRADHAN\.p2\pool\plugins\org.eclipse.m2e.maven.runtime_3.9.500.20231113-2345\jars\maven-core-3.9.5.jar
2024-03-24 14:36:14,792 [Worker-6: Launching mavenrun-be4d5555-45a4-49bf-8d99-bb0935f713fe] INFO  o.eclipse.m2e.core.internal.Bundles - 	Entry: C:\Users\PRADHAN\.p2\pool\plugins\org.eclipse.m2e.maven.runtime_3.9.500.20231113-2345\jars\maven-embedder-3.9.5.jar
2024-03-24 14:36:14,792 [Worker-6: Launching mavenrun-be4d5555-45a4-49bf-8d99-bb0935f713fe] INFO  o.eclipse.m2e.core.internal.Bundles - 	Entry: C:\Users\PRADHAN\.p2\pool\plugins\org.eclipse.m2e.maven.runtime_3.9.500.20231113-2345\jars\maven-model-3.9.5.jar
2024-03-24 14:36:14,792 [Worker-6: Launching mavenrun-be4d5555-45a4-49bf-8d99-bb0935f713fe] INFO  o.eclipse.m2e.core.internal.Bundles - 	Entry: C:\Users\PRADHAN\.p2\pool\plugins\org.eclipse.m2e.maven.runtime_3.9.500.20231113-2345\jars\maven-model-builder-3.9.5.jar
2024-03-24 14:36:14,793 [Worker-6: Launching mavenrun-be4d5555-45a4-49bf-8d99-bb0935f713fe] INFO  o.eclipse.m2e.core.internal.Bundles - 	Entry: C:\Users\PRADHAN\.p2\pool\plugins\org.eclipse.m2e.maven.runtime_3.9.500.20231113-2345\jars\maven-plugin-api-3.9.5.jar
2024-03-24 14:36:14,793 [Worker-6: Launching mavenrun-be4d5555-45a4-49bf-8d99-bb0935f713fe] INFO  o.eclipse.m2e.core.internal.Bundles - 	Entry: C:\Users\PRADHAN\.p2\pool\plugins\org.eclipse.m2e.maven.runtime_3.9.500.20231113-2345\jars\maven-repository-metadata-3.9.5.jar
2024-03-24 14:36:14,793 [Worker-6: Launching mavenrun-be4d5555-45a4-49bf-8d99-bb0935f713fe] INFO  o.eclipse.m2e.core.internal.Bundles - 	Entry: C:\Users\PRADHAN\.p2\pool\plugins\org.eclipse.m2e.maven.runtime_3.9.500.20231113-2345\jars\maven-resolver-api-1.9.16.jar
2024-03-24 14:36:14,794 [Worker-6: Launching mavenrun-be4d5555-45a4-49bf-8d99-bb0935f713fe] INFO  o.eclipse.m2e.core.internal.Bundles - 	Entry: C:\Users\PRADHAN\.p2\pool\plugins\org.eclipse.m2e.maven.runtime_3.9.500.20231113-2345\jars\maven-resolver-connector-basic-1.9.16.jar
2024-03-24 14:36:14,794 [Worker-6: Launching mavenrun-be4d5555-45a4-49bf-8d99-bb0935f713fe] INFO  o.eclipse.m2e.core.internal.Bundles - 	Entry: C:\Users\PRADHAN\.p2\pool\plugins\org.eclipse.m2e.maven.runtime_3.9.500.20231113-2345\jars\maven-resolver-impl-1.9.16.jar
2024-03-24 14:36:14,794 [Worker-6: Launching mavenrun-be4d5555-45a4-49bf-8d99-bb0935f713fe] INFO  o.eclipse.m2e.core.internal.Bundles - 	Entry: C:\Users\PRADHAN\.p2\pool\plugins\org.eclipse.m2e.maven.runtime_3.9.500.20231113-2345\jars\maven-resolver-named-locks-1.9.16.jar
2024-03-24 14:36:14,794 [Worker-6: Launching mavenrun-be4d5555-45a4-49bf-8d99-bb0935f713fe] INFO  o.eclipse.m2e.core.internal.Bundles - 	Entry: C:\Users\PRADHAN\.p2\pool\plugins\org.eclipse.m2e.maven.runtime_3.9.500.20231113-2345\jars\maven-resolver-provider-3.9.5.jar
2024-03-24 14:36:14,795 [Worker-6: Launching mavenrun-be4d5555-45a4-49bf-8d99-bb0935f713fe] INFO  o.eclipse.m2e.core.internal.Bundles - 	Entry: C:\Users\PRADHAN\.p2\pool\plugins\org.eclipse.m2e.maven.runtime_3.9.500.20231113-2345\jars\maven-resolver-spi-1.9.16.jar
2024-03-24 14:36:14,795 [Worker-6: Launching mavenrun-be4d5555-45a4-49bf-8d99-bb0935f713fe] INFO  o.eclipse.m2e.core.internal.Bundles - 	Entry: C:\Users\PRADHAN\.p2\pool\plugins\org.eclipse.m2e.maven.runtime_3.9.500.20231113-2345\jars\maven-resolver-transport-file-1.9.16.jar
2024-03-24 14:36:14,795 [Worker-6: Launching mavenrun-be4d5555-45a4-49bf-8d99-bb0935f713fe] INFO  o.eclipse.m2e.core.internal.Bundles - 	Entry: C:\Users\PRADHAN\.p2\pool\plugins\org.eclipse.m2e.maven.runtime_3.9.500.20231113-2345\jars\maven-resolver-transport-http-1.9.16.jar
2024-03-24 14:36:14,795 [Worker-6: Launching mavenrun-be4d5555-45a4-49bf-8d99-bb0935f713fe] INFO  o.eclipse.m2e.core.internal.Bundles - 	Entry: C:\Users\PRADHAN\.p2\pool\plugins\org.eclipse.m2e.maven.runtime_3.9.500.20231113-2345\jars\maven-resolver-transport-wagon-1.9.16.jar
2024-03-24 14:36:14,796 [Worker-6: Launching mavenrun-be4d5555-45a4-49bf-8d99-bb0935f713fe] INFO  o.eclipse.m2e.core.internal.Bundles - 	Entry: C:\Users\PRADHAN\.p2\pool\plugins\org.eclipse.m2e.maven.runtime_3.9.500.20231113-2345\jars\maven-resolver-util-1.9.16.jar
2024-03-24 14:36:14,796 [Worker-6: Launching mavenrun-be4d5555-45a4-49bf-8d99-bb0935f713fe] INFO  o.eclipse.m2e.core.internal.Bundles - 	Entry: C:\Users\PRADHAN\.p2\pool\plugins\org.eclipse.m2e.maven.runtime_3.9.500.20231113-2345\jars\maven-settings-3.9.5.jar
2024-03-24 14:36:14,796 [Worker-6: Launching mavenrun-be4d5555-45a4-49bf-8d99-bb0935f713fe] INFO  o.eclipse.m2e.core.internal.Bundles - 	Entry: C:\Users\PRADHAN\.p2\pool\plugins\org.eclipse.m2e.maven.runtime_3.9.500.20231113-2345\jars\maven-settings-builder-3.9.5.jar
2024-03-24 14:36:14,796 [Worker-6: Launching mavenrun-be4d5555-45a4-49bf-8d99-bb0935f713fe] INFO  o.eclipse.m2e.core.internal.Bundles - 	Entry: C:\Users\PRADHAN\.p2\pool\plugins\org.eclipse.m2e.maven.runtime_3.9.500.20231113-2345\jars\maven-shared-utils-3.3.4.jar
2024-03-24 14:36:14,797 [Worker-6: Launching mavenrun-be4d5555-45a4-49bf-8d99-bb0935f713fe] INFO  o.eclipse.m2e.core.internal.Bundles - 	Entry: C:\Users\PRADHAN\.p2\pool\plugins\org.eclipse.m2e.maven.runtime_3.9.500.20231113-2345\jars\org.eclipse.sisu.inject-0.3.5.jar
2024-03-24 14:36:14,797 [Worker-6: Launching mavenrun-be4d5555-45a4-49bf-8d99-bb0935f713fe] INFO  o.eclipse.m2e.core.internal.Bundles - 	Entry: C:\Users\PRADHAN\.p2\pool\plugins\org.eclipse.m2e.maven.runtime_3.9.500.20231113-2345\jars\org.eclipse.sisu.plexus-0.3.5.jar
2024-03-24 14:36:14,797 [Worker-6: Launching mavenrun-be4d5555-45a4-49bf-8d99-bb0935f713fe] INFO  o.eclipse.m2e.core.internal.Bundles - 	Entry: C:\Users\PRADHAN\.p2\pool\plugins\org.eclipse.m2e.maven.runtime_3.9.500.20231113-2345\jars\plexus-build-api-0.0.7.jar
2024-03-24 14:36:14,797 [Worker-6: Launching mavenrun-be4d5555-45a4-49bf-8d99-bb0935f713fe] INFO  o.eclipse.m2e.core.internal.Bundles - 	Entry: C:\Users\PRADHAN\.p2\pool\plugins\org.eclipse.m2e.maven.runtime_3.9.500.20231113-2345\jars\plexus-cipher-2.0.jar
2024-03-24 14:36:14,798 [Worker-6: Launching mavenrun-be4d5555-45a4-49bf-8d99-bb0935f713fe] INFO  o.eclipse.m2e.core.internal.Bundles - 	Entry: C:\Users\PRADHAN\.p2\pool\plugins\org.eclipse.m2e.maven.runtime_3.9.500.20231113-2345\jars\plexus-classworlds-2.7.0.jar
2024-03-24 14:36:14,798 [Worker-6: Launching mavenrun-be4d5555-45a4-49bf-8d99-bb0935f713fe] INFO  o.eclipse.m2e.core.internal.Bundles - 	Entry: C:\Users\PRADHAN\.p2\pool\plugins\org.eclipse.m2e.maven.runtime_3.9.500.20231113-2345\jars\plexus-component-annotations-2.1.0.jar
2024-03-24 14:36:14,798 [Worker-6: Launching mavenrun-be4d5555-45a4-49bf-8d99-bb0935f713fe] INFO  o.eclipse.m2e.core.internal.Bundles - 	Entry: C:\Users\PRADHAN\.p2\pool\plugins\org.eclipse.m2e.maven.runtime_3.9.500.20231113-2345\jars\plexus-interpolation-1.26.jar
2024-03-24 14:36:14,799 [Worker-6: Launching mavenrun-be4d5555-45a4-49bf-8d99-bb0935f713fe] INFO  o.eclipse.m2e.core.internal.Bundles - 	Entry: C:\Users\PRADHAN\.p2\pool\plugins\org.eclipse.m2e.maven.runtime_3.9.500.20231113-2345\jars\plexus-sec-dispatcher-2.0.jar
2024-03-24 14:36:14,799 [Worker-6: Launching mavenrun-be4d5555-45a4-49bf-8d99-bb0935f713fe] INFO  o.eclipse.m2e.core.internal.Bundles - 	Entry: C:\Users\PRADHAN\.p2\pool\plugins\org.eclipse.m2e.maven.runtime_3.9.500.20231113-2345\jars\plexus-utils-3.5.1.jar
2024-03-24 14:36:14,799 [Worker-6: Launching mavenrun-be4d5555-45a4-49bf-8d99-bb0935f713fe] INFO  o.eclipse.m2e.core.internal.Bundles - 	Entry: C:\Users\PRADHAN\.p2\pool\plugins\org.eclipse.m2e.maven.runtime_3.9.500.20231113-2345\jars\wagon-file-3.5.3.jar
2024-03-24 14:36:14,800 [Worker-6: Launching mavenrun-be4d5555-45a4-49bf-8d99-bb0935f713fe] INFO  o.eclipse.m2e.core.internal.Bundles - 	Entry: C:\Users\PRADHAN\.p2\pool\plugins\org.eclipse.m2e.maven.runtime_3.9.500.20231113-2345\jars\wagon-http-3.5.3.jar
2024-03-24 14:36:14,800 [Worker-6: Launching mavenrun-be4d5555-45a4-49bf-8d99-bb0935f713fe] INFO  o.eclipse.m2e.core.internal.Bundles - 	Entry: C:\Users\PRADHAN\.p2\pool\plugins\org.eclipse.m2e.maven.runtime_3.9.500.20231113-2345\jars\wagon-http-shared-3.5.3.jar
2024-03-24 14:36:14,800 [Worker-6: Launching mavenrun-be4d5555-45a4-49bf-8d99-bb0935f713fe] INFO  o.eclipse.m2e.core.internal.Bundles - 	Entry: C:\Users\PRADHAN\.p2\pool\plugins\org.eclipse.m2e.maven.runtime_3.9.500.20231113-2345\jars\wagon-provider-api-3.5.3.jar
2024-03-24 14:36:14,803 [Worker-6: Launching mavenrun-be4d5555-45a4-49bf-8d99-bb0935f713fe] INFO  o.eclipse.m2e.core.internal.Bundles - getClasspathEntries(Bundle=com.google.guava_32.1.3.jre [10])
2024-03-24 14:36:14,804 [Worker-6: Launching mavenrun-be4d5555-45a4-49bf-8d99-bb0935f713fe] INFO  o.eclipse.m2e.core.internal.Bundles - 	Entry: C:\Users\PRADHAN\.p2\pool\plugins\com.google.guava_32.1.3.jre.jar
2024-03-24 14:36:14,804 [Worker-6: Launching mavenrun-be4d5555-45a4-49bf-8d99-bb0935f713fe] INFO  o.eclipse.m2e.core.internal.Bundles - getClasspathEntries(Bundle=slf4j.api_2.0.9 [517])
2024-03-24 14:36:14,805 [Worker-6: Launching mavenrun-be4d5555-45a4-49bf-8d99-bb0935f713fe] INFO  o.eclipse.m2e.core.internal.Bundles - 	Entry: C:\Users\PRADHAN\.p2\pool\plugins\slf4j.api_2.0.9.jar
2024-03-24 14:36:14,805 [Worker-6: Launching mavenrun-be4d5555-45a4-49bf-8d99-bb0935f713fe] INFO  o.eclipse.m2e.core.internal.Bundles - getClasspathEntries(Bundle=jakarta.inject.jakarta.inject-api_1.0.5 [22])
2024-03-24 14:36:14,805 [Worker-6: Launching mavenrun-be4d5555-45a4-49bf-8d99-bb0935f713fe] INFO  o.eclipse.m2e.core.internal.Bundles - 	Entry: C:\Users\PRADHAN\.p2\pool\plugins\jakarta.inject.jakarta.inject-api_1.0.5.jar
2024-03-24 14:36:14,805 [Worker-6: Launching mavenrun-be4d5555-45a4-49bf-8d99-bb0935f713fe] INFO  o.eclipse.m2e.core.internal.Bundles - getClasspathEntries(Bundle=jakarta.annotation-api_1.3.5 [20])
2024-03-24 14:36:14,806 [Worker-6: Launching mavenrun-be4d5555-45a4-49bf-8d99-bb0935f713fe] INFO  o.eclipse.m2e.core.internal.Bundles - 	Entry: C:\Users\PRADHAN\.p2\pool\plugins\jakarta.annotation-api_1.3.5.jar
2024-03-24 14:36:14,806 [Worker-6: Launching mavenrun-be4d5555-45a4-49bf-8d99-bb0935f713fe] INFO  o.eclipse.m2e.core.internal.Bundles - getClasspathEntries(Bundle=org.apache.commons.cli_1.6.0 [46])
2024-03-24 14:36:14,807 [Worker-6: Launching mavenrun-be4d5555-45a4-49bf-8d99-bb0935f713fe] INFO  o.eclipse.m2e.core.internal.Bundles - 	Entry: C:\Users\PRADHAN\.p2\pool\plugins\org.apache.commons.cli_1.6.0.jar
2024-03-24 14:36:14,807 [Worker-6: Launching mavenrun-be4d5555-45a4-49bf-8d99-bb0935f713fe] INFO  o.eclipse.m2e.core.internal.Bundles - getClasspathEntries(Bundle=org.apache.commons.commons-codec_1.16.0 [48])
2024-03-24 14:36:14,807 [Worker-6: Launching mavenrun-be4d5555-45a4-49bf-8d99-bb0935f713fe] INFO  o.eclipse.m2e.core.internal.Bundles - 	Entry: C:\Users\PRADHAN\.p2\pool\plugins\org.apache.commons.commons-codec_1.16.0.jar
2024-03-24 14:36:14,807 [Worker-6: Launching mavenrun-be4d5555-45a4-49bf-8d99-bb0935f713fe] INFO  o.eclipse.m2e.core.internal.Bundles - getClasspathEntries(Bundle=org.apache.commons.lang3_3.13.0 [53])
2024-03-24 14:36:14,808 [Worker-6: Launching mavenrun-be4d5555-45a4-49bf-8d99-bb0935f713fe] INFO  o.eclipse.m2e.core.internal.Bundles - 	Entry: C:\Users\PRADHAN\.p2\pool\plugins\org.apache.commons.lang3_3.13.0.jar
2024-03-24 14:36:14,808 [Worker-6: Launching mavenrun-be4d5555-45a4-49bf-8d99-bb0935f713fe] INFO  o.eclipse.m2e.core.internal.Bundles - getClasspathEntries(Bundle=com.google.guava.failureaccess_1.0.2 [11])
2024-03-24 14:36:14,811 [Worker-6: Launching mavenrun-be4d5555-45a4-49bf-8d99-bb0935f713fe] INFO  o.eclipse.m2e.core.internal.Bundles - 	Entry: C:\Users\PRADHAN\.p2\pool\plugins\com.google.guava.failureaccess_1.0.2.jar
2024-03-24 14:36:14,843 [Worker-6: Launching mavenrun-be4d5555-45a4-49bf-8d99-bb0935f713fe] INFO  o.e.m.i.launch.MavenLaunchDelegate - Run build in "C:\Users\PRADHAN\AppData\Local\Temp\m2e-archetypeGenerator15056349504958736776":
2024-03-24 14:36:14,849 [Worker-6: Launching mavenrun-be4d5555-45a4-49bf-8d99-bb0935f713fe] INFO  o.e.m.i.launch.MavenLaunchDelegate -  mvn  -DarchetypeGroupId=org.apache.maven.archetypes -DarchetypeArtifactId=maven-archetype-quickstart -DarchetypeVersion=1.4 -DgroupId=OpencartProject -DartifactId=OpencartProject -Dversion=0.0.1-SNAPSHOT -Dpackage=OpencartProject.OpencartProject -DoutputDirectory=G:\Githubproject\Framework\OpenCartTDDFramework -Dstyle.color=always -U archetype:generate
2024-03-24 14:36:53,742 [Worker-11: Creating maven-archetype-quickstart] INFO  o.e.m.c.i.p.ProjectConfigurationManager - Collecting project info '/pom.xml' G:\Githubproject\Framework\OpenCartTDDFramework\OpencartProject\pom.xml
2024-03-24 14:36:56,211 [Worker-11: Creating maven-archetype-quickstart] INFO  o.e.m.c.i.l.LifecycleMappingFactory - Using org.eclipse.m2e.jdt.JarLifecycleMapping lifecycle mapping for MavenProject: OpencartProject:OpencartProject:0.0.1-SNAPSHOT @ G:\Githubproject\Framework\OpenCartTDDFramework\OpencartProject\pom.xml.
2024-03-24 14:36:57,578 [Worker-11: Creating maven-archetype-quickstart] INFO  o.e.m.j.i.AbstractJavaProjectConfigurator - Adding source folder /OpencartProject/src/main/java
2024-03-24 14:36:57,579 [Worker-11: Creating maven-archetype-quickstart] INFO  o.e.m.j.i.AbstractJavaProjectConfigurator - Adding resource folder /OpencartProject/src/main/resources
2024-03-24 14:36:57,607 [Worker-11: Creating maven-archetype-quickstart] INFO  o.e.m.j.i.AbstractJavaProjectConfigurator - Adding source folder /OpencartProject/src/test/java
2024-03-24 14:36:57,607 [Worker-11: Creating maven-archetype-quickstart] INFO  o.e.m.j.i.AbstractJavaProjectConfigurator - Adding resource folder /OpencartProject/src/test/resources
2024-03-24 14:36:57,785 [Worker-11: Creating maven-archetype-quickstart] INFO  o.e.m.c.i.p.ProjectConfigurationManager - Imported and configured 1 project(s) in 4 sec
2024-03-24 14:37:00,024 [Worker-1: Building] INFO  o.e.m.c.i.embedder.EclipseLogger - Using 'UTF-8' encoding to copy filtered resources.
2024-03-24 14:37:00,024 [Worker-1: Building] INFO  o.e.m.c.i.embedder.EclipseLogger - skip non existing resourceDirectory G:\Githubproject\Framework\OpenCartTDDFramework\OpencartProject\src\main\resources
2024-03-24 14:37:00,032 [Worker-1: Building] INFO  o.e.m.c.i.embedder.EclipseLogger - Using 'UTF-8' encoding to copy filtered resources.
2024-03-24 14:37:00,032 [Worker-1: Building] INFO  o.e.m.c.i.embedder.EclipseLogger - skip non existing resourceDirectory G:\Githubproject\Framework\OpenCartTDDFramework\OpencartProject\src\test\resources
2024-03-24 14:37:48,830 [Worker-16: Building] INFO  o.e.m.c.i.embedder.EclipseLogger - Using 'UTF-8' encoding to copy filtered resources.
2024-03-24 14:37:48,830 [Worker-16: Building] INFO  o.e.m.c.i.embedder.EclipseLogger - skip non existing resourceDirectory G:\Githubproject\Framework\OpenCartTDDFramework\OpencartProject\src\main\resources
2024-03-24 14:37:48,835 [Worker-16: Building] INFO  o.e.m.c.i.embedder.EclipseLogger - Using 'UTF-8' encoding to copy filtered resources.
2024-03-24 14:37:48,835 [Worker-16: Building] INFO  o.e.m.c.i.embedder.EclipseLogger - skip non existing resourceDirectory G:\Githubproject\Framework\OpenCartTDDFramework\OpencartProject\src\test\resources
2024-03-24 14:38:00,549 [Worker-6: Building] INFO  o.e.m.c.i.embedder.EclipseLogger - Using 'UTF-8' encoding to copy filtered resources.
2024-03-24 14:38:00,549 [Worker-6: Building] INFO  o.e.m.c.i.embedder.EclipseLogger - skip non existing resourceDirectory G:\Githubproject\Framework\OpenCartTDDFramework\OpencartProject\src\main\resources
2024-03-24 14:38:00,554 [Worker-6: Building] INFO  o.e.m.c.i.embedder.EclipseLogger - Using 'UTF-8' encoding to copy filtered resources.
2024-03-24 14:38:00,555 [Worker-6: Building] INFO  o.e.m.c.i.embedder.EclipseLogger - skip non existing resourceDirectory G:\Githubproject\Framework\OpenCartTDDFramework\OpencartProject\src\test\resources
2024-03-24 14:39:16,326 [Worker-3: Configuring project BasicJava] ERROR o.e.m.j.i.l.MavenLaunchConfigurationListener - Launch configuration HelloWorld references non-existing project HelloWorld.
org.eclipse.core.runtime.CoreException: Launch configuration HelloWorld references non-existing project HelloWorld.
	at org.eclipse.jdt.launching.JavaRuntime.abort(JavaRuntime.java:1858)
	at org.eclipse.jdt.launching.JavaRuntime.getJavaProject(JavaRuntime.java:1735)
	at org.eclipse.m2e.jdt.internal.launch.MavenLaunchConfigurationListener.updateLaunchConfiguration(MavenLaunchConfigurationListener.java:64)
	at org.eclipse.m2e.jdt.internal.launch.MavenLaunchConfigurationListener.launchConfigurationAdded(MavenLaunchConfigurationListener.java:45)
	at org.eclipse.debug.internal.core.LaunchManager$ConfigurationNotifier.run(LaunchManager.java:214)
	at org.eclipse.core.runtime.SafeRunner.run(SafeRunner.java:47)
	at org.eclipse.debug.internal.core.LaunchManager$ConfigurationNotifier.notify(LaunchManager.java:204)
	at org.eclipse.debug.internal.core.LaunchManager.launchConfigurationAdded(LaunchManager.java:1983)
	at org.eclipse.debug.internal.core.LaunchManager$LaunchManagerVisitor.visit(LaunchManager.java:365)
	at org.eclipse.core.internal.events.ResourceDelta.accept(ResourceDelta.java:77)
	at org.eclipse.core.internal.events.ResourceDelta.accept(ResourceDelta.java:87)
	at org.eclipse.core.internal.events.ResourceDelta.accept(ResourceDelta.java:87)
	at org.eclipse.core.internal.events.ResourceDelta.accept(ResourceDelta.java:87)
	at org.eclipse.core.internal.events.ResourceDelta.accept(ResourceDelta.java:87)
	at org.eclipse.core.internal.events.ResourceDelta.accept(ResourceDelta.java:87)
	at org.eclipse.core.internal.events.ResourceDelta.accept(ResourceDelta.java:87)
	at org.eclipse.core.internal.events.ResourceDelta.accept(ResourceDelta.java:61)
	at org.eclipse.debug.internal.core.LaunchManager.resourceChanged(LaunchManager.java:2135)
	at org.eclipse.core.internal.events.NotificationManager$1.run(NotificationManager.java:321)
	at org.eclipse.core.runtime.SafeRunner.run(SafeRunner.java:47)
	at org.eclipse.core.internal.events.NotificationManager.notify(NotificationManager.java:311)
	at org.eclipse.core.internal.events.NotificationManager.broadcastChanges(NotificationManager.java:174)
	at org.eclipse.core.internal.resources.Workspace.broadcastPostChange(Workspace.java:458)
	at org.eclipse.core.internal.resources.Workspace.endOperation(Workspace.java:1586)
	at org.eclipse.core.internal.resources.Resource.refreshLocal(Resource.java:1616)
	at org.eclipse.ui.internal.wizards.datatransfer.EclipseProjectConfigurator.configure(EclipseProjectConfigurator.java:80)
	at org.eclipse.ui.internal.wizards.datatransfer.SmartImportJob.importProjectAndChildrenRecursively(SmartImportJob.java:461)
	at org.eclipse.ui.internal.wizards.datatransfer.SmartImportJob$1.run(SmartImportJob.java:228)
	at org.eclipse.core.internal.jobs.Worker.run(Worker.java:63)
2024-03-24 14:39:16,435 [Worker-3: Configuring project BasicJava] ERROR o.e.m.j.i.l.MavenLaunchConfigurationListener - Launch configuration OpencartProject16Dec_testng.xml references non-existing project OpencartProject16Dec.
org.eclipse.core.runtime.CoreException: Launch configuration OpencartProject16Dec_testng.xml references non-existing project OpencartProject16Dec.
	at org.eclipse.jdt.launching.JavaRuntime.abort(JavaRuntime.java:1858)
	at org.eclipse.jdt.launching.JavaRuntime.getJavaProject(JavaRuntime.java:1735)
	at org.eclipse.m2e.jdt.internal.launch.MavenLaunchConfigurationListener.updateLaunchConfiguration(MavenLaunchConfigurationListener.java:64)
	at org.eclipse.m2e.jdt.internal.launch.MavenLaunchConfigurationListener.launchConfigurationAdded(MavenLaunchConfigurationListener.java:45)
	at org.eclipse.debug.internal.core.LaunchManager$ConfigurationNotifier.run(LaunchManager.java:214)
	at org.eclipse.core.runtime.SafeRunner.run(SafeRunner.java:47)
	at org.eclipse.debug.internal.core.LaunchManager$ConfigurationNotifier.notify(LaunchManager.java:204)
	at org.eclipse.debug.internal.core.LaunchManager.launchConfigurationAdded(LaunchManager.java:1983)
	at org.eclipse.debug.internal.core.LaunchManager$LaunchManagerVisitor.visit(LaunchManager.java:365)
	at org.eclipse.core.internal.events.ResourceDelta.accept(ResourceDelta.java:77)
	at org.eclipse.core.internal.events.ResourceDelta.accept(ResourceDelta.java:87)
	at org.eclipse.core.internal.events.ResourceDelta.accept(ResourceDelta.java:87)
	at org.eclipse.core.internal.events.ResourceDelta.accept(ResourceDelta.java:87)
	at org.eclipse.core.internal.events.ResourceDelta.accept(ResourceDelta.java:87)
	at org.eclipse.core.internal.events.ResourceDelta.accept(ResourceDelta.java:87)
	at org.eclipse.core.internal.events.ResourceDelta.accept(ResourceDelta.java:87)
	at org.eclipse.core.internal.events.ResourceDelta.accept(ResourceDelta.java:61)
	at org.eclipse.debug.internal.core.LaunchManager.resourceChanged(LaunchManager.java:2135)
	at org.eclipse.core.internal.events.NotificationManager$1.run(NotificationManager.java:321)
	at org.eclipse.core.runtime.SafeRunner.run(SafeRunner.java:47)
	at org.eclipse.core.internal.events.NotificationManager.notify(NotificationManager.java:311)
	at org.eclipse.core.internal.events.NotificationManager.broadcastChanges(NotificationManager.java:174)
	at org.eclipse.core.internal.resources.Workspace.broadcastPostChange(Workspace.java:458)
	at org.eclipse.core.internal.resources.Workspace.endOperation(Workspace.java:1586)
	at org.eclipse.core.internal.resources.Resource.refreshLocal(Resource.java:1616)
	at org.eclipse.ui.internal.wizards.datatransfer.EclipseProjectConfigurator.configure(EclipseProjectConfigurator.java:80)
	at org.eclipse.ui.internal.wizards.datatransfer.SmartImportJob.importProjectAndChildrenRecursively(SmartImportJob.java:461)
	at org.eclipse.ui.internal.wizards.datatransfer.SmartImportJob$1.run(SmartImportJob.java:228)
	at org.eclipse.core.internal.jobs.Worker.run(Worker.java:63)
2024-03-24 14:39:16,495 [Worker-3: Configuring project BasicJava] ERROR o.e.m.j.i.l.MavenLaunchConfigurationListener - Launch configuration hello references non-existing project HelloWorld.
org.eclipse.core.runtime.CoreException: Launch configuration hello references non-existing project HelloWorld.
	at org.eclipse.jdt.launching.JavaRuntime.abort(JavaRuntime.java:1858)
	at org.eclipse.jdt.launching.JavaRuntime.getJavaProject(JavaRuntime.java:1735)
	at org.eclipse.m2e.jdt.internal.launch.MavenLaunchConfigurationListener.updateLaunchConfiguration(MavenLaunchConfigurationListener.java:64)
	at org.eclipse.m2e.jdt.internal.launch.MavenLaunchConfigurationListener.launchConfigurationAdded(MavenLaunchConfigurationListener.java:45)
	at org.eclipse.debug.internal.core.LaunchManager$ConfigurationNotifier.run(LaunchManager.java:214)
	at org.eclipse.core.runtime.SafeRunner.run(SafeRunner.java:47)
	at org.eclipse.debug.internal.core.LaunchManager$ConfigurationNotifier.notify(LaunchManager.java:204)
	at org.eclipse.debug.internal.core.LaunchManager.launchConfigurationAdded(LaunchManager.java:1983)
	at org.eclipse.debug.internal.core.LaunchManager$LaunchManagerVisitor.visit(LaunchManager.java:365)
	at org.eclipse.core.internal.events.ResourceDelta.accept(ResourceDelta.java:77)
	at org.eclipse.core.internal.events.ResourceDelta.accept(ResourceDelta.java:87)
	at org.eclipse.core.internal.events.ResourceDelta.accept(ResourceDelta.java:87)
	at org.eclipse.core.internal.events.ResourceDelta.accept(ResourceDelta.java:87)
	at org.eclipse.core.internal.events.ResourceDelta.accept(ResourceDelta.java:87)
	at org.eclipse.core.internal.events.ResourceDelta.accept(ResourceDelta.java:87)
	at org.eclipse.core.internal.events.ResourceDelta.accept(ResourceDelta.java:87)
	at org.eclipse.core.internal.events.ResourceDelta.accept(ResourceDelta.java:61)
	at org.eclipse.debug.internal.core.LaunchManager.resourceChanged(LaunchManager.java:2135)
	at org.eclipse.core.internal.events.NotificationManager$1.run(NotificationManager.java:321)
	at org.eclipse.core.runtime.SafeRunner.run(SafeRunner.java:47)
	at org.eclipse.core.internal.events.NotificationManager.notify(NotificationManager.java:311)
	at org.eclipse.core.internal.events.NotificationManager.broadcastChanges(NotificationManager.java:174)
	at org.eclipse.core.internal.resources.Workspace.broadcastPostChange(Workspace.java:458)
	at org.eclipse.core.internal.resources.Workspace.endOperation(Workspace.java:1586)
	at org.eclipse.core.internal.resources.Resource.refreshLocal(Resource.java:1616)
	at org.eclipse.ui.internal.wizards.datatransfer.EclipseProjectConfigurator.configure(EclipseProjectConfigurator.java:80)
	at org.eclipse.ui.internal.wizards.datatransfer.SmartImportJob.importProjectAndChildrenRecursively(SmartImportJob.java:461)
	at org.eclipse.ui.internal.wizards.datatransfer.SmartImportJob$1.run(SmartImportJob.java:228)
	at org.eclipse.core.internal.jobs.Worker.run(Worker.java:63)
2024-03-24 14:39:20,061 [Worker-22: Building] INFO  o.e.m.c.i.l.LifecycleMappingFactory - Using org.eclipse.m2e.jdt.JarLifecycleMapping lifecycle mapping for MavenProject: 1OpencartProject:1OpencartProject:0.0.1-SNAPSHOT @ G:\eclipse-workspace\1OpencartProject\pom.xml.
2024-03-24 14:39:25,819 [Worker-22: Building] INFO  o.a.m.s.f.DefaultMavenResourcesFiltering - skip non existing resourceDirectory G:\eclipse-workspace\1OpencartProject\src\main\resources
2024-03-24 14:39:25,851 [Worker-22: Building] INFO  o.a.m.s.f.DefaultMavenResourcesFiltering - skip non existing resourceDirectory G:\eclipse-workspace\1OpencartProject\src\test\resources
2024-03-24 14:39:27,592 [Worker-22: Building] INFO  o.e.m.c.i.l.LifecycleMappingFactory - Using org.eclipse.m2e.jdt.JarLifecycleMapping lifecycle mapping for MavenProject: 1OpencartProjectOrderCheckout:1OpencartProjectOrderCheckout:0.0.1-SNAPSHOT @ G:\eclipse-workspace\1OpencartProjectOrderCheckout\pom.xml.
2024-03-24 14:39:28,020 [Worker-22: Building] INFO  o.a.m.s.f.DefaultMavenResourcesFiltering - skip non existing resourceDirectory G:\eclipse-workspace\1OpencartProjectOrderCheckout\src\main\resources
2024-03-24 14:39:28,024 [Worker-22: Building] INFO  o.a.m.s.f.DefaultMavenResourcesFiltering - skip non existing resourceDirectory G:\eclipse-workspace\1OpencartProjectOrderCheckout\src\test\resources
2024-03-24 14:39:28,315 [Worker-22: Building] INFO  o.e.m.c.i.l.LifecycleMappingFactory - Using org.eclipse.m2e.jdt.JarLifecycleMapping lifecycle mapping for MavenProject: 1TestNGTopic:1TestNGTopic:0.0.1-SNAPSHOT @ G:\eclipse-workspace\1TestNGTopic\pom.xml.
2024-03-24 14:39:29,009 [Worker-22: Building] INFO  o.e.m.c.i.embedder.EclipseLogger - Using 'UTF-8' encoding to copy filtered resources.
2024-03-24 14:39:29,010 [Worker-22: Building] INFO  o.e.m.c.i.embedder.EclipseLogger - skip non existing resourceDirectory G:\eclipse-workspace\1TestNGTopic\src\main\resources
2024-03-24 14:39:29,014 [Worker-22: Building] INFO  o.e.m.c.i.embedder.EclipseLogger - Using 'UTF-8' encoding to copy filtered resources.
2024-03-24 14:39:29,014 [Worker-22: Building] INFO  o.e.m.c.i.embedder.EclipseLogger - skip non existing resourceDirectory G:\eclipse-workspace\1TestNGTopic\src\test\resources
2024-03-24 14:39:30,387 [Worker-22: Building] INFO  o.e.m.c.i.l.LifecycleMappingFactory - Using org.eclipse.m2e.jdt.JarLifecycleMapping lifecycle mapping for MavenProject: DemoblazeMaven:DemoblazeMaven:0.0.1-SNAPSHOT @ G:\eclipse-workspace\DemoblazeMaven\pom.xml.
2024-03-24 14:39:30,763 [Worker-22: Building] WARN  o.a.m.s.f.DefaultMavenResourcesFiltering - Using platform encoding (Cp1252 actually) to copy filtered resources, i.e. build is platform dependent!
2024-03-24 14:39:30,824 [Worker-22: Building] INFO  o.a.m.s.f.DefaultMavenResourcesFiltering - Copying 0 resource from src\main\resources to target\classes
2024-03-24 14:39:30,827 [Worker-22: Building] WARN  o.a.m.s.f.DefaultMavenResourcesFiltering - Using platform encoding (Cp1252 actually) to copy filtered resources, i.e. build is platform dependent!
2024-03-24 14:39:30,829 [Worker-22: Building] INFO  o.a.m.s.f.DefaultMavenResourcesFiltering - Copying 0 resource from src\test\resources to target\test-classes
2024-03-24 14:39:31,694 [Worker-22: Building] INFO  o.e.m.c.i.l.LifecycleMappingFactory - Using org.eclipse.m2e.jdt.JarLifecycleMapping lifecycle mapping for MavenProject: DemoblazeMaven1:DemoblazeMaven1DemoblazeMaven1:0.0.1-SNAPSHOT @ G:\eclipse-workspace\DemoblazeMaven1DemoblazeMaven1\pom.xml.
2024-03-24 14:39:32,219 [Worker-22: Building] INFO  o.a.m.s.f.DefaultMavenResourcesFiltering - skip non existing resourceDirectory G:\eclipse-workspace\DemoblazeMaven1DemoblazeMaven1\src\main\resources
2024-03-24 14:39:32,223 [Worker-22: Building] INFO  o.a.m.s.f.DefaultMavenResourcesFiltering - skip non existing resourceDirectory G:\eclipse-workspace\DemoblazeMaven1DemoblazeMaven1\src\test\resources
2024-03-24 14:40:07,230 [Worker-6: Building] INFO  o.e.m.c.i.embedder.EclipseLogger - Using 'UTF-8' encoding to copy filtered resources.
2024-03-24 14:40:07,230 [Worker-6: Building] INFO  o.e.m.c.i.embedder.EclipseLogger - skip non existing resourceDirectory G:\Githubproject\Framework\OpenCartTDDFramework\OpencartProject\src\main\resources
2024-03-24 14:40:07,234 [Worker-6: Building] INFO  o.e.m.c.i.embedder.EclipseLogger - Using 'UTF-8' encoding to copy filtered resources.
2024-03-24 14:40:07,235 [Worker-6: Building] INFO  o.e.m.c.i.embedder.EclipseLogger - skip non existing resourceDirectory G:\Githubproject\Framework\OpenCartTDDFramework\OpencartProject\src\test\resources
2024-03-24 14:40:30,458 [Worker-11: Building] INFO  o.e.m.c.i.embedder.EclipseLogger - Using 'UTF-8' encoding to copy filtered resources.
2024-03-24 14:40:30,459 [Worker-11: Building] INFO  o.e.m.c.i.embedder.EclipseLogger - skip non existing resourceDirectory G:\Githubproject\Framework\OpenCartTDDFramework\OpencartProject\src\main\resources
2024-03-24 14:40:30,464 [Worker-11: Building] INFO  o.e.m.c.i.embedder.EclipseLogger - Using 'UTF-8' encoding to copy filtered resources.
2024-03-24 14:40:30,464 [Worker-11: Building] INFO  o.e.m.c.i.embedder.EclipseLogger - skip non existing resourceDirectory G:\Githubproject\Framework\OpenCartTDDFramework\OpencartProject\src\test\resources
2024-03-24 14:41:22,274 [Worker-11: Building] INFO  o.e.m.c.i.embedder.EclipseLogger - Using 'UTF-8' encoding to copy filtered resources.
2024-03-24 14:41:22,274 [Worker-11: Building] INFO  o.e.m.c.i.embedder.EclipseLogger - skip non existing resourceDirectory G:\Githubproject\Framework\OpenCartTDDFramework\OpencartProject\src\main\resources
2024-03-24 14:41:22,278 [Worker-11: Building] INFO  o.e.m.c.i.embedder.EclipseLogger - Using 'UTF-8' encoding to copy filtered resources.
2024-03-24 14:41:22,279 [Worker-11: Building] INFO  o.e.m.c.i.embedder.EclipseLogger - skip non existing resourceDirectory G:\Githubproject\Framework\OpenCartTDDFramework\OpencartProject\src\test\resources
2024-03-24 14:41:52,297 [Worker-15: Building] INFO  o.e.m.c.i.embedder.EclipseLogger - Using 'UTF-8' encoding to copy filtered resources.
2024-03-24 14:41:52,297 [Worker-15: Building] INFO  o.e.m.c.i.embedder.EclipseLogger - skip non existing resourceDirectory G:\Githubproject\Framework\OpenCartTDDFramework\OpencartProject\src\main\resources
2024-03-24 14:41:52,305 [Worker-15: Building] INFO  o.e.m.c.i.embedder.EclipseLogger - Using 'UTF-8' encoding to copy filtered resources.
2024-03-24 14:41:52,306 [Worker-15: Building] INFO  o.e.m.c.i.embedder.EclipseLogger - skip non existing resourceDirectory G:\Githubproject\Framework\OpenCartTDDFramework\OpencartProject\src\test\resources
2024-03-24 14:43:38,603 [Worker-22: Building] INFO  o.e.m.c.i.l.LifecycleMappingFactory - Using org.eclipse.m2e.jdt.JarLifecycleMapping lifecycle mapping for MavenProject: OpencartProject:OpencartProject:0.0.1-SNAPSHOT @ G:\Githubproject\Framework\OpenCartTDDFramework\OpencartProject\pom.xml.
2024-03-24 14:43:39,151 [Worker-22: Building] INFO  o.a.m.s.f.DefaultMavenResourcesFiltering - skip non existing resourceDirectory G:\Githubproject\Framework\OpenCartTDDFramework\OpencartProject\src\main\resources
2024-03-24 14:43:39,155 [Worker-22: Building] INFO  o.a.m.s.f.DefaultMavenResourcesFiltering - skip non existing resourceDirectory G:\Githubproject\Framework\OpenCartTDDFramework\OpencartProject\src\test\resources
2024-03-24 14:43:39,278 [Worker-22: Updating Maven Project] INFO  o.e.m.c.i.p.ProjectConfigurationManager - Update started
2024-03-24 14:43:39,338 [Worker-22: Updating Maven Project] INFO  o.e.m.c.i.l.LifecycleMappingFactory - Using org.eclipse.m2e.jdt.JarLifecycleMapping lifecycle mapping for MavenProject: OpencartProject:OpencartProject:0.0.1-SNAPSHOT @ G:\Githubproject\Framework\OpenCartTDDFramework\OpencartProject\pom.xml.
2024-03-24 14:43:39,949 [Worker-22: Updating Maven Project] INFO  o.e.m.j.i.AbstractJavaProjectConfigurator - Adding source folder /OpencartProject/src/main/java
2024-03-24 14:43:39,950 [Worker-22: Updating Maven Project] INFO  o.e.m.j.i.AbstractJavaProjectConfigurator - Adding resource folder /OpencartProject/src/main/resources
2024-03-24 14:43:39,951 [Worker-22: Updating Maven Project] INFO  o.e.m.j.i.AbstractJavaProjectConfigurator - Adding source folder /OpencartProject/src/test/java
2024-03-24 14:43:39,951 [Worker-22: Updating Maven Project] INFO  o.e.m.j.i.AbstractJavaProjectConfigurator - Adding resource folder /OpencartProject/src/test/resources
2024-03-24 14:43:40,259 [Worker-22: Updating Maven Project] INFO  o.e.m.c.i.p.ProjectConfigurationManager - Update completed for 1 poms: local refresh takes 0.00 sec, refresh facades takes 0.00 sec, update config takes 0.00 sec 
2024-03-24 14:43:40,694 [Worker-18: Building] INFO  o.a.m.s.f.DefaultMavenResourcesFiltering - skip non existing resourceDirectory G:\Githubproject\Framework\OpenCartTDDFramework\OpencartProject\src\main\resources
2024-03-24 14:43:40,697 [Worker-18: Building] INFO  o.a.m.s.f.DefaultMavenResourcesFiltering - skip non existing resourceDirectory G:\Githubproject\Framework\OpenCartTDDFramework\OpencartProject\src\test\resources
2024-03-24 14:45:30,463 [Worker-21: Building] INFO  o.e.m.c.i.l.LifecycleMappingFactory - Using org.eclipse.m2e.jdt.JarLifecycleMapping lifecycle mapping for MavenProject: OpencartProject:OpencartProject:0.0.1-SNAPSHOT @ G:\Githubproject\Framework\OpenCartTDDFramework\OpencartProject\pom.xml.
2024-03-24 14:45:30,828 [Worker-21: Building] INFO  o.e.m.c.i.p.WorkspaceClassifierResolverManager - Resolving P/1OpencartProject: 1OpencartProject:1OpencartProject:0.0.1-SNAPSHOT with classifier  to /1OpencartProject/target/classes
2024-03-24 14:45:31,023 [Worker-21: Building] INFO  o.a.m.s.f.DefaultMavenResourcesFiltering - skip non existing resourceDirectory G:\Githubproject\Framework\OpenCartTDDFramework\OpencartProject\src\main\resources
2024-03-24 14:45:31,030 [Worker-21: Building] INFO  o.a.m.s.f.DefaultMavenResourcesFiltering - skip non existing resourceDirectory G:\Githubproject\Framework\OpenCartTDDFramework\OpencartProject\src\test\resources
2024-03-24 14:45:40,544 [Worker-6: Building] INFO  o.a.m.s.f.DefaultMavenResourcesFiltering - skip non existing resourceDirectory G:\Githubproject\Framework\OpenCartTDDFramework\OpencartProject\src\main\resources
2024-03-24 14:45:40,550 [Worker-6: Building] INFO  o.a.m.s.f.DefaultMavenResourcesFiltering - skip non existing resourceDirectory G:\Githubproject\Framework\OpenCartTDDFramework\OpencartProject\src\test\resources
2024-03-24 14:57:17,522 [Worker-25: Building Workspace] INFO  o.a.m.s.f.DefaultMavenResourcesFiltering - skip non existing resourceDirectory G:\Githubproject\Framework\OpenCartTDDFramework\OpencartProject\src\main\resources
2024-03-24 14:57:17,526 [Worker-25: Building Workspace] INFO  o.a.m.s.f.DefaultMavenResourcesFiltering - skip non existing resourceDirectory G:\Githubproject\Framework\OpenCartTDDFramework\OpencartProject\src\test\resources
2024-03-24 14:59:42,245 [Worker-30: Building] INFO  o.a.m.s.f.DefaultMavenResourcesFiltering - skip non existing resourceDirectory G:\Githubproject\Framework\OpenCartTDDFramework\OpencartProject\src\main\resources
2024-03-24 14:59:42,249 [Worker-30: Building] INFO  o.a.m.s.f.DefaultMavenResourcesFiltering - skip non existing resourceDirectory G:\Githubproject\Framework\OpenCartTDDFramework\OpencartProject\src\test\resources
2024-03-24 15:00:15,829 [Worker-29: Building] INFO  o.a.m.s.f.DefaultMavenResourcesFiltering - skip non existing resourceDirectory G:\Githubproject\Framework\OpenCartTDDFramework\OpencartProject\src\main\resources
2024-03-24 15:00:15,836 [Worker-29: Building] INFO  o.a.m.s.f.DefaultMavenResourcesFiltering - skip non existing resourceDirectory G:\Githubproject\Framework\OpenCartTDDFramework\OpencartProject\src\test\resources
2024-03-24 15:01:46,164 [Worker-26: Updating Maven Project] INFO  o.e.m.c.i.p.ProjectConfigurationManager - Update started
2024-03-24 15:01:46,243 [Worker-26: Updating Maven Project] INFO  o.e.m.c.i.l.LifecycleMappingFactory - Using org.eclipse.m2e.jdt.JarLifecycleMapping lifecycle mapping for MavenProject: OpencartProject:OpencartProject:0.0.1-SNAPSHOT @ G:\Githubproject\Framework\OpenCartTDDFramework\OpencartProject\pom.xml.
2024-03-24 15:01:46,578 [Worker-26: Updating Maven Project] INFO  o.e.m.c.i.p.WorkspaceClassifierResolverManager - Resolving P/1OpencartProject: 1OpencartProject:1OpencartProject:0.0.1-SNAPSHOT with classifier  to /1OpencartProject/target/classes
2024-03-24 15:01:46,833 [Worker-26: Updating Maven Project] INFO  o.e.m.j.i.AbstractJavaProjectConfigurator - Adding source folder /OpencartProject/src/main/java
2024-03-24 15:01:46,834 [Worker-26: Updating Maven Project] INFO  o.e.m.j.i.AbstractJavaProjectConfigurator - Adding resource folder /OpencartProject/src/main/resources
2024-03-24 15:01:46,835 [Worker-26: Updating Maven Project] INFO  o.e.m.j.i.AbstractJavaProjectConfigurator - Adding source folder /OpencartProject/src/test/java
2024-03-24 15:01:46,835 [Worker-26: Updating Maven Project] INFO  o.e.m.j.i.AbstractJavaProjectConfigurator - Adding resource folder /OpencartProject/src/test/resources
2024-03-24 15:01:47,108 [Worker-26: Updating Maven Project] INFO  o.e.m.c.i.p.ProjectConfigurationManager - Update completed for 1 poms: local refresh takes 0.00 sec, refresh facades takes 0.00 sec, update config takes 0.00 sec 
2024-03-24 15:06:42,491 [Worker-25: Launching LoginPage, ...] INFO  o.a.m.s.f.DefaultMavenResourcesFiltering - skip non existing resourceDirectory G:\Githubproject\Framework\OpenCartTDDFramework\OpencartProject\src\main\resources
2024-03-24 15:06:42,494 [Worker-25: Launching LoginPage, ...] INFO  o.a.m.s.f.DefaultMavenResourcesFiltering - skip non existing resourceDirectory G:\Githubproject\Framework\OpenCartTDDFramework\OpencartProject\src\test\resources
2024-03-24 15:06:42,967 [Worker-25: Launching LoginPage, ...] INFO  o.e.m.c.i.p.WorkspaceClassifierResolverManager - Resolving P/1OpencartProject: 1OpencartProject:1OpencartProject:0.0.1-SNAPSHOT with classifier null to /1OpencartProject/target/classes
2024-03-24 15:06:43,184 [Worker-25: Launching LoginPage, ...] INFO  o.e.m.c.i.p.WorkspaceClassifierResolverManager - Resolving P/1OpencartProject: 1OpencartProject:1OpencartProject:0.0.1-SNAPSHOT with classifier null to /1OpencartProject/target/classes
2024-03-24 15:06:43,297 [Worker-25: Launching LoginPage, ...] INFO  o.e.m.c.i.p.WorkspaceClassifierResolverManager - Resolving P/1OpencartProject: 1OpencartProject:1OpencartProject:0.0.1-SNAPSHOT with classifier null to /1OpencartProject/target/classes
2024-03-24 15:07:04,633 [Worker-18: Launching Executing clean in G__eclipse-workspace_1OpencartProject] INFO  o.eclipse.m2e.core.internal.Bundles - getClasspathEntries(Bundle=org.eclipse.m2e.maven.runtime_3.9.500.20231113-2345 [297])
2024-03-24 15:07:04,634 [Worker-18: Launching Executing clean in G__eclipse-workspace_1OpencartProject] INFO  o.eclipse.m2e.core.internal.Bundles - 	Entry: C:\Users\PRADHAN\.p2\pool\plugins\org.eclipse.m2e.maven.runtime_3.9.500.20231113-2345
2024-03-24 15:07:04,635 [Worker-18: Launching Executing clean in G__eclipse-workspace_1OpencartProject] INFO  o.eclipse.m2e.core.internal.Bundles - 	Entry: C:\Users\PRADHAN\.p2\pool\plugins\org.eclipse.m2e.maven.runtime_3.9.500.20231113-2345\jars\aopalliance-1.0.jar
2024-03-24 15:07:04,635 [Worker-18: Launching Executing clean in G__eclipse-workspace_1OpencartProject] INFO  o.eclipse.m2e.core.internal.Bundles - 	Entry: C:\Users\PRADHAN\.p2\pool\plugins\org.eclipse.m2e.maven.runtime_3.9.500.20231113-2345\jars\guice-5.1.0.jar
2024-03-24 15:07:04,636 [Worker-18: Launching Executing clean in G__eclipse-workspace_1OpencartProject] INFO  o.eclipse.m2e.core.internal.Bundles - 	Entry: C:\Users\PRADHAN\.p2\pool\plugins\org.eclipse.m2e.maven.runtime_3.9.500.20231113-2345\jars\httpclient-4.5.14.jar
2024-03-24 15:07:04,637 [Worker-18: Launching Executing clean in G__eclipse-workspace_1OpencartProject] INFO  o.eclipse.m2e.core.internal.Bundles - 	Entry: C:\Users\PRADHAN\.p2\pool\plugins\org.eclipse.m2e.maven.runtime_3.9.500.20231113-2345\jars\httpcore-4.4.16.jar
2024-03-24 15:07:04,638 [Worker-18: Launching Executing clean in G__eclipse-workspace_1OpencartProject] INFO  o.eclipse.m2e.core.internal.Bundles - 	Entry: C:\Users\PRADHAN\.p2\pool\plugins\org.eclipse.m2e.maven.runtime_3.9.500.20231113-2345\jars\jansi-2.4.0.jar
2024-03-24 15:07:04,639 [Worker-18: Launching Executing clean in G__eclipse-workspace_1OpencartProject] INFO  o.eclipse.m2e.core.internal.Bundles - 	Entry: C:\Users\PRADHAN\.p2\pool\plugins\org.eclipse.m2e.maven.runtime_3.9.500.20231113-2345\jars\jcl-over-slf4j-1.7.36.jar
2024-03-24 15:07:04,639 [Worker-18: Launching Executing clean in G__eclipse-workspace_1OpencartProject] INFO  o.eclipse.m2e.core.internal.Bundles - 	Entry: C:\Users\PRADHAN\.p2\pool\plugins\org.eclipse.m2e.maven.runtime_3.9.500.20231113-2345\jars\maven-artifact-3.9.5.jar
2024-03-24 15:07:04,639 [Worker-18: Launching Executing clean in G__eclipse-workspace_1OpencartProject] INFO  o.eclipse.m2e.core.internal.Bundles - 	Entry: C:\Users\PRADHAN\.p2\pool\plugins\org.eclipse.m2e.maven.runtime_3.9.500.20231113-2345\jars\maven-builder-support-3.9.5.jar
2024-03-24 15:07:04,640 [Worker-18: Launching Executing clean in G__eclipse-workspace_1OpencartProject] INFO  o.eclipse.m2e.core.internal.Bundles - 	Entry: C:\Users\PRADHAN\.p2\pool\plugins\org.eclipse.m2e.maven.runtime_3.9.500.20231113-2345\jars\maven-compat-3.9.5.jar
2024-03-24 15:07:04,640 [Worker-18: Launching Executing clean in G__eclipse-workspace_1OpencartProject] INFO  o.eclipse.m2e.core.internal.Bundles - 	Entry: C:\Users\PRADHAN\.p2\pool\plugins\org.eclipse.m2e.maven.runtime_3.9.500.20231113-2345\jars\maven-core-3.9.5.jar
2024-03-24 15:07:04,640 [Worker-18: Launching Executing clean in G__eclipse-workspace_1OpencartProject] INFO  o.eclipse.m2e.core.internal.Bundles - 	Entry: C:\Users\PRADHAN\.p2\pool\plugins\org.eclipse.m2e.maven.runtime_3.9.500.20231113-2345\jars\maven-embedder-3.9.5.jar
2024-03-24 15:07:04,640 [Worker-18: Launching Executing clean in G__eclipse-workspace_1OpencartProject] INFO  o.eclipse.m2e.core.internal.Bundles - 	Entry: C:\Users\PRADHAN\.p2\pool\plugins\org.eclipse.m2e.maven.runtime_3.9.500.20231113-2345\jars\maven-model-3.9.5.jar
2024-03-24 15:07:04,641 [Worker-18: Launching Executing clean in G__eclipse-workspace_1OpencartProject] INFO  o.eclipse.m2e.core.internal.Bundles - 	Entry: C:\Users\PRADHAN\.p2\pool\plugins\org.eclipse.m2e.maven.runtime_3.9.500.20231113-2345\jars\maven-model-builder-3.9.5.jar
2024-03-24 15:07:04,643 [Worker-18: Launching Executing clean in G__eclipse-workspace_1OpencartProject] INFO  o.eclipse.m2e.core.internal.Bundles - 	Entry: C:\Users\PRADHAN\.p2\pool\plugins\org.eclipse.m2e.maven.runtime_3.9.500.20231113-2345\jars\maven-plugin-api-3.9.5.jar
2024-03-24 15:07:04,643 [Worker-18: Launching Executing clean in G__eclipse-workspace_1OpencartProject] INFO  o.eclipse.m2e.core.internal.Bundles - 	Entry: C:\Users\PRADHAN\.p2\pool\plugins\org.eclipse.m2e.maven.runtime_3.9.500.20231113-2345\jars\maven-repository-metadata-3.9.5.jar
2024-03-24 15:07:04,644 [Worker-18: Launching Executing clean in G__eclipse-workspace_1OpencartProject] INFO  o.eclipse.m2e.core.internal.Bundles - 	Entry: C:\Users\PRADHAN\.p2\pool\plugins\org.eclipse.m2e.maven.runtime_3.9.500.20231113-2345\jars\maven-resolver-api-1.9.16.jar
2024-03-24 15:07:04,645 [Worker-18: Launching Executing clean in G__eclipse-workspace_1OpencartProject] INFO  o.eclipse.m2e.core.internal.Bundles - 	Entry: C:\Users\PRADHAN\.p2\pool\plugins\org.eclipse.m2e.maven.runtime_3.9.500.20231113-2345\jars\maven-resolver-connector-basic-1.9.16.jar
2024-03-24 15:07:04,645 [Worker-18: Launching Executing clean in G__eclipse-workspace_1OpencartProject] INFO  o.eclipse.m2e.core.internal.Bundles - 	Entry: C:\Users\PRADHAN\.p2\pool\plugins\org.eclipse.m2e.maven.runtime_3.9.500.20231113-2345\jars\maven-resolver-impl-1.9.16.jar
2024-03-24 15:07:04,646 [Worker-18: Launching Executing clean in G__eclipse-workspace_1OpencartProject] INFO  o.eclipse.m2e.core.internal.Bundles - 	Entry: C:\Users\PRADHAN\.p2\pool\plugins\org.eclipse.m2e.maven.runtime_3.9.500.20231113-2345\jars\maven-resolver-named-locks-1.9.16.jar
2024-03-24 15:07:04,646 [Worker-18: Launching Executing clean in G__eclipse-workspace_1OpencartProject] INFO  o.eclipse.m2e.core.internal.Bundles - 	Entry: C:\Users\PRADHAN\.p2\pool\plugins\org.eclipse.m2e.maven.runtime_3.9.500.20231113-2345\jars\maven-resolver-provider-3.9.5.jar
2024-03-24 15:07:04,646 [Worker-18: Launching Executing clean in G__eclipse-workspace_1OpencartProject] INFO  o.eclipse.m2e.core.internal.Bundles - 	Entry: C:\Users\PRADHAN\.p2\pool\plugins\org.eclipse.m2e.maven.runtime_3.9.500.20231113-2345\jars\maven-resolver-spi-1.9.16.jar
2024-03-24 15:07:04,646 [Worker-18: Launching Executing clean in G__eclipse-workspace_1OpencartProject] INFO  o.eclipse.m2e.core.internal.Bundles - 	Entry: C:\Users\PRADHAN\.p2\pool\plugins\org.eclipse.m2e.maven.runtime_3.9.500.20231113-2345\jars\maven-resolver-transport-file-1.9.16.jar
2024-03-24 15:07:04,647 [Worker-18: Launching Executing clean in G__eclipse-workspace_1OpencartProject] INFO  o.eclipse.m2e.core.internal.Bundles - 	Entry: C:\Users\PRADHAN\.p2\pool\plugins\org.eclipse.m2e.maven.runtime_3.9.500.20231113-2345\jars\maven-resolver-transport-http-1.9.16.jar
2024-03-24 15:07:04,647 [Worker-18: Launching Executing clean in G__eclipse-workspace_1OpencartProject] INFO  o.eclipse.m2e.core.internal.Bundles - 	Entry: C:\Users\PRADHAN\.p2\pool\plugins\org.eclipse.m2e.maven.runtime_3.9.500.20231113-2345\jars\maven-resolver-transport-wagon-1.9.16.jar
2024-03-24 15:07:04,647 [Worker-18: Launching Executing clean in G__eclipse-workspace_1OpencartProject] INFO  o.eclipse.m2e.core.internal.Bundles - 	Entry: C:\Users\PRADHAN\.p2\pool\plugins\org.eclipse.m2e.maven.runtime_3.9.500.20231113-2345\jars\maven-resolver-util-1.9.16.jar
2024-03-24 15:07:04,647 [Worker-18: Launching Executing clean in G__eclipse-workspace_1OpencartProject] INFO  o.eclipse.m2e.core.internal.Bundles - 	Entry: C:\Users\PRADHAN\.p2\pool\plugins\org.eclipse.m2e.maven.runtime_3.9.500.20231113-2345\jars\maven-settings-3.9.5.jar
2024-03-24 15:07:04,649 [Worker-18: Launching Executing clean in G__eclipse-workspace_1OpencartProject] INFO  o.eclipse.m2e.core.internal.Bundles - 	Entry: C:\Users\PRADHAN\.p2\pool\plugins\org.eclipse.m2e.maven.runtime_3.9.500.20231113-2345\jars\maven-settings-builder-3.9.5.jar
2024-03-24 15:07:04,650 [Worker-18: Launching Executing clean in G__eclipse-workspace_1OpencartProject] INFO  o.eclipse.m2e.core.internal.Bundles - 	Entry: C:\Users\PRADHAN\.p2\pool\plugins\org.eclipse.m2e.maven.runtime_3.9.500.20231113-2345\jars\maven-shared-utils-3.3.4.jar
2024-03-24 15:07:04,650 [Worker-18: Launching Executing clean in G__eclipse-workspace_1OpencartProject] INFO  o.eclipse.m2e.core.internal.Bundles - 	Entry: C:\Users\PRADHAN\.p2\pool\plugins\org.eclipse.m2e.maven.runtime_3.9.500.20231113-2345\jars\org.eclipse.sisu.inject-0.3.5.jar
2024-03-24 15:07:04,650 [Worker-18: Launching Executing clean in G__eclipse-workspace_1OpencartProject] INFO  o.eclipse.m2e.core.internal.Bundles - 	Entry: C:\Users\PRADHAN\.p2\pool\plugins\org.eclipse.m2e.maven.runtime_3.9.500.20231113-2345\jars\org.eclipse.sisu.plexus-0.3.5.jar
2024-03-24 15:07:04,651 [Worker-18: Launching Executing clean in G__eclipse-workspace_1OpencartProject] INFO  o.eclipse.m2e.core.internal.Bundles - 	Entry: C:\Users\PRADHAN\.p2\pool\plugins\org.eclipse.m2e.maven.runtime_3.9.500.20231113-2345\jars\plexus-build-api-0.0.7.jar
2024-03-24 15:07:04,651 [Worker-18: Launching Executing clean in G__eclipse-workspace_1OpencartProject] INFO  o.eclipse.m2e.core.internal.Bundles - 	Entry: C:\Users\PRADHAN\.p2\pool\plugins\org.eclipse.m2e.maven.runtime_3.9.500.20231113-2345\jars\plexus-cipher-2.0.jar
2024-03-24 15:07:04,652 [Worker-18: Launching Executing clean in G__eclipse-workspace_1OpencartProject] INFO  o.eclipse.m2e.core.internal.Bundles - 	Entry: C:\Users\PRADHAN\.p2\pool\plugins\org.eclipse.m2e.maven.runtime_3.9.500.20231113-2345\jars\plexus-classworlds-2.7.0.jar
2024-03-24 15:07:04,653 [Worker-18: Launching Executing clean in G__eclipse-workspace_1OpencartProject] INFO  o.eclipse.m2e.core.internal.Bundles - 	Entry: C:\Users\PRADHAN\.p2\pool\plugins\org.eclipse.m2e.maven.runtime_3.9.500.20231113-2345\jars\plexus-component-annotations-2.1.0.jar
2024-03-24 15:07:04,654 [Worker-18: Launching Executing clean in G__eclipse-workspace_1OpencartProject] INFO  o.eclipse.m2e.core.internal.Bundles - 	Entry: C:\Users\PRADHAN\.p2\pool\plugins\org.eclipse.m2e.maven.runtime_3.9.500.20231113-2345\jars\plexus-interpolation-1.26.jar
2024-03-24 15:07:04,654 [Worker-18: Launching Executing clean in G__eclipse-workspace_1OpencartProject] INFO  o.eclipse.m2e.core.internal.Bundles - 	Entry: C:\Users\PRADHAN\.p2\pool\plugins\org.eclipse.m2e.maven.runtime_3.9.500.20231113-2345\jars\plexus-sec-dispatcher-2.0.jar
2024-03-24 15:07:04,655 [Worker-18: Launching Executing clean in G__eclipse-workspace_1OpencartProject] INFO  o.eclipse.m2e.core.internal.Bundles - 	Entry: C:\Users\PRADHAN\.p2\pool\plugins\org.eclipse.m2e.maven.runtime_3.9.500.20231113-2345\jars\plexus-utils-3.5.1.jar
2024-03-24 15:07:04,655 [Worker-18: Launching Executing clean in G__eclipse-workspace_1OpencartProject] INFO  o.eclipse.m2e.core.internal.Bundles - 	Entry: C:\Users\PRADHAN\.p2\pool\plugins\org.eclipse.m2e.maven.runtime_3.9.500.20231113-2345\jars\wagon-file-3.5.3.jar
2024-03-24 15:07:04,656 [Worker-18: Launching Executing clean in G__eclipse-workspace_1OpencartProject] INFO  o.eclipse.m2e.core.internal.Bundles - 	Entry: C:\Users\PRADHAN\.p2\pool\plugins\org.eclipse.m2e.maven.runtime_3.9.500.20231113-2345\jars\wagon-http-3.5.3.jar
2024-03-24 15:07:04,656 [Worker-18: Launching Executing clean in G__eclipse-workspace_1OpencartProject] INFO  o.eclipse.m2e.core.internal.Bundles - 	Entry: C:\Users\PRADHAN\.p2\pool\plugins\org.eclipse.m2e.maven.runtime_3.9.500.20231113-2345\jars\wagon-http-shared-3.5.3.jar
2024-03-24 15:07:04,656 [Worker-18: Launching Executing clean in G__eclipse-workspace_1OpencartProject] INFO  o.eclipse.m2e.core.internal.Bundles - 	Entry: C:\Users\PRADHAN\.p2\pool\plugins\org.eclipse.m2e.maven.runtime_3.9.500.20231113-2345\jars\wagon-provider-api-3.5.3.jar
2024-03-24 15:07:04,657 [Worker-18: Launching Executing clean in G__eclipse-workspace_1OpencartProject] INFO  o.eclipse.m2e.core.internal.Bundles - getClasspathEntries(Bundle=com.google.guava_32.1.3.jre [10])
2024-03-24 15:07:04,657 [Worker-18: Launching Executing clean in G__eclipse-workspace_1OpencartProject] INFO  o.eclipse.m2e.core.internal.Bundles - 	Entry: C:\Users\PRADHAN\.p2\pool\plugins\com.google.guava_32.1.3.jre.jar
2024-03-24 15:07:04,658 [Worker-18: Launching Executing clean in G__eclipse-workspace_1OpencartProject] INFO  o.eclipse.m2e.core.internal.Bundles - getClasspathEntries(Bundle=slf4j.api_2.0.9 [517])
2024-03-24 15:07:04,658 [Worker-18: Launching Executing clean in G__eclipse-workspace_1OpencartProject] INFO  o.eclipse.m2e.core.internal.Bundles - 	Entry: C:\Users\PRADHAN\.p2\pool\plugins\slf4j.api_2.0.9.jar
2024-03-24 15:07:04,658 [Worker-18: Launching Executing clean in G__eclipse-workspace_1OpencartProject] INFO  o.eclipse.m2e.core.internal.Bundles - getClasspathEntries(Bundle=jakarta.inject.jakarta.inject-api_1.0.5 [22])
2024-03-24 15:07:04,659 [Worker-18: Launching Executing clean in G__eclipse-workspace_1OpencartProject] INFO  o.eclipse.m2e.core.internal.Bundles - 	Entry: C:\Users\PRADHAN\.p2\pool\plugins\jakarta.inject.jakarta.inject-api_1.0.5.jar
2024-03-24 15:07:04,659 [Worker-18: Launching Executing clean in G__eclipse-workspace_1OpencartProject] INFO  o.eclipse.m2e.core.internal.Bundles - getClasspathEntries(Bundle=jakarta.annotation-api_1.3.5 [20])
2024-03-24 15:07:04,659 [Worker-18: Launching Executing clean in G__eclipse-workspace_1OpencartProject] INFO  o.eclipse.m2e.core.internal.Bundles - 	Entry: C:\Users\PRADHAN\.p2\pool\plugins\jakarta.annotation-api_1.3.5.jar
2024-03-24 15:07:04,659 [Worker-18: Launching Executing clean in G__eclipse-workspace_1OpencartProject] INFO  o.eclipse.m2e.core.internal.Bundles - getClasspathEntries(Bundle=org.apache.commons.cli_1.6.0 [46])
2024-03-24 15:07:04,660 [Worker-18: Launching Executing clean in G__eclipse-workspace_1OpencartProject] INFO  o.eclipse.m2e.core.internal.Bundles - 	Entry: C:\Users\PRADHAN\.p2\pool\plugins\org.apache.commons.cli_1.6.0.jar
2024-03-24 15:07:04,660 [Worker-18: Launching Executing clean in G__eclipse-workspace_1OpencartProject] INFO  o.eclipse.m2e.core.internal.Bundles - getClasspathEntries(Bundle=org.apache.commons.commons-codec_1.16.0 [48])
2024-03-24 15:07:04,660 [Worker-18: Launching Executing clean in G__eclipse-workspace_1OpencartProject] INFO  o.eclipse.m2e.core.internal.Bundles - 	Entry: C:\Users\PRADHAN\.p2\pool\plugins\org.apache.commons.commons-codec_1.16.0.jar
2024-03-24 15:07:04,660 [Worker-18: Launching Executing clean in G__eclipse-workspace_1OpencartProject] INFO  o.eclipse.m2e.core.internal.Bundles - getClasspathEntries(Bundle=org.apache.commons.lang3_3.13.0 [53])
2024-03-24 15:07:04,661 [Worker-18: Launching Executing clean in G__eclipse-workspace_1OpencartProject] INFO  o.eclipse.m2e.core.internal.Bundles - 	Entry: C:\Users\PRADHAN\.p2\pool\plugins\org.apache.commons.lang3_3.13.0.jar
2024-03-24 15:07:04,661 [Worker-18: Launching Executing clean in G__eclipse-workspace_1OpencartProject] INFO  o.eclipse.m2e.core.internal.Bundles - getClasspathEntries(Bundle=com.google.guava.failureaccess_1.0.2 [11])
2024-03-24 15:07:04,662 [Worker-18: Launching Executing clean in G__eclipse-workspace_1OpencartProject] INFO  o.eclipse.m2e.core.internal.Bundles - 	Entry: C:\Users\PRADHAN\.p2\pool\plugins\com.google.guava.failureaccess_1.0.2.jar
2024-03-24 15:07:04,729 [Worker-18: Launching Executing clean in G__eclipse-workspace_1OpencartProject] INFO  o.e.m.i.launch.MavenLaunchDelegate - Run build in "G:\eclipse-workspace\1OpencartProject":
2024-03-24 15:07:04,729 [Worker-18: Launching Executing clean in G__eclipse-workspace_1OpencartProject] INFO  o.e.m.i.launch.MavenLaunchDelegate -  mvn  -B -Dstyle.color=always clean
2024-03-24 15:28:31,003 [Worker-33: Launching LoginPage, ...] INFO  o.e.m.c.i.p.WorkspaceClassifierResolverManager - Resolving P/1OpencartProject: 1OpencartProject:1OpencartProject:0.0.1-SNAPSHOT with classifier null to /1OpencartProject/target/classes
2024-03-24 15:28:31,151 [Worker-33: Launching LoginPage, ...] INFO  o.e.m.c.i.p.WorkspaceClassifierResolverManager - Resolving P/1OpencartProject: 1OpencartProject:1OpencartProject:0.0.1-SNAPSHOT with classifier null to /1OpencartProject/target/classes
2024-03-24 15:28:31,260 [Worker-33: Launching LoginPage, ...] INFO  o.e.m.c.i.p.WorkspaceClassifierResolverManager - Resolving P/1OpencartProject: 1OpencartProject:1OpencartProject:0.0.1-SNAPSHOT with classifier null to /1OpencartProject/target/classes
2024-03-24 15:32:40,684 [Worker-30: Updating Maven Project] INFO  o.e.m.c.i.p.ProjectConfigurationManager - Update started
2024-03-24 15:32:40,788 [Worker-30: Updating Maven Project] INFO  o.e.m.c.i.l.LifecycleMappingFactory - Using org.eclipse.m2e.jdt.JarLifecycleMapping lifecycle mapping for MavenProject: OpencartProject:OpencartProject:0.0.1-SNAPSHOT @ G:\Githubproject\Framework\OpenCartTDDFramework\OpencartProject\pom.xml.
2024-03-24 15:32:41,089 [Worker-30: Updating Maven Project] INFO  o.e.m.c.i.p.WorkspaceClassifierResolverManager - Resolving P/1OpencartProject: 1OpencartProject:1OpencartProject:0.0.1-SNAPSHOT with classifier  to /1OpencartProject/target/classes
2024-03-24 15:32:41,327 [Worker-30: Updating Maven Project] INFO  o.e.m.j.i.AbstractJavaProjectConfigurator - Adding source folder /OpencartProject/src/main/java
2024-03-24 15:32:41,327 [Worker-30: Updating Maven Project] INFO  o.e.m.j.i.AbstractJavaProjectConfigurator - Adding resource folder /OpencartProject/src/main/resources
2024-03-24 15:32:41,328 [Worker-30: Updating Maven Project] INFO  o.e.m.j.i.AbstractJavaProjectConfigurator - Adding source folder /OpencartProject/src/test/java
2024-03-24 15:32:41,328 [Worker-30: Updating Maven Project] INFO  o.e.m.j.i.AbstractJavaProjectConfigurator - Adding resource folder /OpencartProject/src/test/resources
2024-03-24 15:32:41,618 [Worker-30: Updating Maven Project] INFO  o.e.m.c.i.p.ProjectConfigurationManager - Update completed for 1 poms: local refresh takes 0.00 sec, refresh facades takes 0.00 sec, update config takes 0.00 sec 
